Performing C SOURCE FILE Test CMAKE_HAVE_LIBC_PTHREAD failed with the following output:
Change Dir: /cal/exterieurs/ngalmiche-22/IG3DA/SmokeSim/build/CMakeFiles/CMakeScratch/TryCompile-Nmb5u2

Run Build Command(s):/usr/bin/gmake -f Makefile cmTC_b5054/fast && /usr/bin/gmake  -f CMakeFiles/cmTC_b5054.dir/build.make CMakeFiles/cmTC_b5054.dir/build
gmake[1] : on entre dans le répertoire « /cal/exterieurs/ngalmiche-22/IG3DA/SmokeSim/build/CMakeFiles/CMakeScratch/TryCompile-Nmb5u2 »
Building C object CMakeFiles/cmTC_b5054.dir/src.c.o
/usr/bin/cc -DCMAKE_HAVE_LIBC_PTHREAD   -o CMakeFiles/cmTC_b5054.dir/src.c.o -c /cal/exterieurs/ngalmiche-22/IG3DA/SmokeSim/build/CMakeFiles/CMakeScratch/TryCompile-Nmb5u2/src.c
Linking C executable cmTC_b5054
/usr/bin/cmake -E cmake_link_script CMakeFiles/cmTC_b5054.dir/link.txt --verbose=1
/usr/bin/cc -rdynamic CMakeFiles/cmTC_b5054.dir/src.c.o -o cmTC_b5054 
/usr/bin/ld : CMakeFiles/cmTC_b5054.dir/src.c.o : dans la fonction « main » :
src.c:(.text+0x2f) : référence indéfinie vers « pthread_create »
/usr/bin/ld : src.c:(.text+0x3b) : référence indéfinie vers « pthread_detach »
/usr/bin/ld : src.c:(.text+0x47) : référence indéfinie vers « pthread_cancel »
/usr/bin/ld : src.c:(.text+0x58) : référence indéfinie vers « pthread_join »
collect2: error: ld returned 1 exit status
gmake[1]: *** [CMakeFiles/cmTC_b5054.dir/build.make:99 : cmTC_b5054] Erreur 1
gmake[1] : on quitte le répertoire « /cal/exterieurs/ngalmiche-22/IG3DA/SmokeSim/build/CMakeFiles/CMakeScratch/TryCompile-Nmb5u2 »
gmake: *** [Makefile:127 : cmTC_b5054/fast] Erreur 2


Source file was:
#include <pthread.h>

static void* test_func(void* data)
{
  return data;
}

int main(void)
{
  pthread_t thread;
  pthread_create(&thread, NULL, test_func, NULL);
  pthread_detach(thread);
  pthread_cancel(thread);
  pthread_join(thread, NULL);
  pthread_atfork(NULL, NULL, NULL);
  pthread_exit(NULL);

  return 0;
}


Determining if the function pthread_create exists in the pthreads failed with the following output:
Change Dir: /cal/exterieurs/ngalmiche-22/IG3DA/SmokeSim/build/CMakeFiles/CMakeScratch/TryCompile-Rzm8J2

Run Build Command(s):/usr/bin/gmake -f Makefile cmTC_a5dc3/fast && /usr/bin/gmake  -f CMakeFiles/cmTC_a5dc3.dir/build.make CMakeFiles/cmTC_a5dc3.dir/build
gmake[1] : on entre dans le répertoire « /cal/exterieurs/ngalmiche-22/IG3DA/SmokeSim/build/CMakeFiles/CMakeScratch/TryCompile-Rzm8J2 »
Building C object CMakeFiles/cmTC_a5dc3.dir/CheckFunctionExists.c.o
/usr/bin/cc   -DCHECK_FUNCTION_EXISTS=pthread_create -o CMakeFiles/cmTC_a5dc3.dir/CheckFunctionExists.c.o -c /cal/exterieurs/ngalmiche-22/IG3DA/SmokeSim/build/CMakeFiles/CMakeScratch/TryCompile-Rzm8J2/CheckFunctionExists.c
Linking C executable cmTC_a5dc3
/usr/bin/cmake -E cmake_link_script CMakeFiles/cmTC_a5dc3.dir/link.txt --verbose=1
/usr/bin/cc  -DCHECK_FUNCTION_EXISTS=pthread_create -rdynamic CMakeFiles/cmTC_a5dc3.dir/CheckFunctionExists.c.o -o cmTC_a5dc3  -lpthreads 
/usr/bin/ld : ne peut trouver -lpthreads
collect2: error: ld returned 1 exit status
gmake[1]: *** [CMakeFiles/cmTC_a5dc3.dir/build.make:99 : cmTC_a5dc3] Erreur 1
gmake[1] : on quitte le répertoire « /cal/exterieurs/ngalmiche-22/IG3DA/SmokeSim/build/CMakeFiles/CMakeScratch/TryCompile-Rzm8J2 »
gmake: *** [Makefile:127 : cmTC_a5dc3/fast] Erreur 2



