Performing C SOURCE FILE Test CMAKE_HAVE_LIBC_PTHREAD failed with the following output:
Change Dir: /cal/exterieurs/ngalmiche-22/IG3DA/PBD/build/CMakeFiles/CMakeScratch/TryCompile-OniJOi

Run Build Command(s):/usr/bin/gmake -f Makefile cmTC_0aca9/fast && /usr/bin/gmake  -f CMakeFiles/cmTC_0aca9.dir/build.make CMakeFiles/cmTC_0aca9.dir/build
gmake[1] : on entre dans le répertoire « /cal/exterieurs/ngalmiche-22/IG3DA/PBD/build/CMakeFiles/CMakeScratch/TryCompile-OniJOi »
Building C object CMakeFiles/cmTC_0aca9.dir/src.c.o
/usr/bin/cc -DCMAKE_HAVE_LIBC_PTHREAD   -o CMakeFiles/cmTC_0aca9.dir/src.c.o -c /cal/exterieurs/ngalmiche-22/IG3DA/PBD/build/CMakeFiles/CMakeScratch/TryCompile-OniJOi/src.c
Linking C executable cmTC_0aca9
/usr/bin/cmake -E cmake_link_script CMakeFiles/cmTC_0aca9.dir/link.txt --verbose=1
/usr/bin/cc -rdynamic CMakeFiles/cmTC_0aca9.dir/src.c.o -o cmTC_0aca9 
/usr/bin/ld : CMakeFiles/cmTC_0aca9.dir/src.c.o : dans la fonction « main » :
src.c:(.text+0x2f) : référence indéfinie vers « pthread_create »
/usr/bin/ld : src.c:(.text+0x3b) : référence indéfinie vers « pthread_detach »
/usr/bin/ld : src.c:(.text+0x47) : référence indéfinie vers « pthread_cancel »
/usr/bin/ld : src.c:(.text+0x58) : référence indéfinie vers « pthread_join »
collect2: error: ld returned 1 exit status
gmake[1]: *** [CMakeFiles/cmTC_0aca9.dir/build.make:99 : cmTC_0aca9] Erreur 1
gmake[1] : on quitte le répertoire « /cal/exterieurs/ngalmiche-22/IG3DA/PBD/build/CMakeFiles/CMakeScratch/TryCompile-OniJOi »
gmake: *** [Makefile:127 : cmTC_0aca9/fast] Erreur 2


Source file was:
#include <pthread.h>

static void* test_func(void* data)
{
  return data;
}

int main(void)
{
  pthread_t thread;
  pthread_create(&thread, NULL, test_func, NULL);
  pthread_detach(thread);
  pthread_cancel(thread);
  pthread_join(thread, NULL);
  pthread_atfork(NULL, NULL, NULL);
  pthread_exit(NULL);

  return 0;
}


Determining if the function pthread_create exists in the pthreads failed with the following output:
Change Dir: /cal/exterieurs/ngalmiche-22/IG3DA/PBD/build/CMakeFiles/CMakeScratch/TryCompile-PHSsTi

Run Build Command(s):/usr/bin/gmake -f Makefile cmTC_b7188/fast && /usr/bin/gmake  -f CMakeFiles/cmTC_b7188.dir/build.make CMakeFiles/cmTC_b7188.dir/build
gmake[1] : on entre dans le répertoire « /cal/exterieurs/ngalmiche-22/IG3DA/PBD/build/CMakeFiles/CMakeScratch/TryCompile-PHSsTi »
Building C object CMakeFiles/cmTC_b7188.dir/CheckFunctionExists.c.o
/usr/bin/cc   -DCHECK_FUNCTION_EXISTS=pthread_create -o CMakeFiles/cmTC_b7188.dir/CheckFunctionExists.c.o -c /cal/exterieurs/ngalmiche-22/IG3DA/PBD/build/CMakeFiles/CMakeScratch/TryCompile-PHSsTi/CheckFunctionExists.c
Linking C executable cmTC_b7188
/usr/bin/cmake -E cmake_link_script CMakeFiles/cmTC_b7188.dir/link.txt --verbose=1
/usr/bin/cc  -DCHECK_FUNCTION_EXISTS=pthread_create -rdynamic CMakeFiles/cmTC_b7188.dir/CheckFunctionExists.c.o -o cmTC_b7188  -lpthreads 
/usr/bin/ld : ne peut trouver -lpthreads
collect2: error: ld returned 1 exit status
gmake[1]: *** [CMakeFiles/cmTC_b7188.dir/build.make:99 : cmTC_b7188] Erreur 1
gmake[1] : on quitte le répertoire « /cal/exterieurs/ngalmiche-22/IG3DA/PBD/build/CMakeFiles/CMakeScratch/TryCompile-PHSsTi »
gmake: *** [Makefile:127 : cmTC_b7188/fast] Erreur 2



