Performing C SOURCE FILE Test CMAKE_HAVE_LIBC_PTHREAD failed with the following output:
Change Dir: /cal/exterieurs/ngalmiche-22/IG3DA/ReconstructionTP/CMakeFiles/CMakeTmp

Run Build Command(s):/usr/bin/gmake -f Makefile cmTC_779ff/fast && /usr/bin/gmake  -f CMakeFiles/cmTC_779ff.dir/build.make CMakeFiles/cmTC_779ff.dir/build
gmake[1] : on entre dans le répertoire « /cal/exterieurs/ngalmiche-22/IG3DA/ReconstructionTP/CMakeFiles/CMakeTmp »
Building C object CMakeFiles/cmTC_779ff.dir/src.c.o
/usr/bin/cc -DCMAKE_HAVE_LIBC_PTHREAD   -o CMakeFiles/cmTC_779ff.dir/src.c.o -c /cal/exterieurs/ngalmiche-22/IG3DA/ReconstructionTP/CMakeFiles/CMakeTmp/src.c
Linking C executable cmTC_779ff
/usr/bin/cmake -E cmake_link_script CMakeFiles/cmTC_779ff.dir/link.txt --verbose=1
/usr/bin/cc -rdynamic CMakeFiles/cmTC_779ff.dir/src.c.o -o cmTC_779ff 
/usr/bin/ld : CMakeFiles/cmTC_779ff.dir/src.c.o : dans la fonction « main » :
src.c:(.text+0x2f) : référence indéfinie vers « pthread_create »
/usr/bin/ld : src.c:(.text+0x3b) : référence indéfinie vers « pthread_detach »
/usr/bin/ld : src.c:(.text+0x47) : référence indéfinie vers « pthread_cancel »
/usr/bin/ld : src.c:(.text+0x58) : référence indéfinie vers « pthread_join »
collect2: error: ld returned 1 exit status
gmake[1]: *** [CMakeFiles/cmTC_779ff.dir/build.make:99 : cmTC_779ff] Erreur 1
gmake[1] : on quitte le répertoire « /cal/exterieurs/ngalmiche-22/IG3DA/ReconstructionTP/CMakeFiles/CMakeTmp »
gmake: *** [Makefile:127 : cmTC_779ff/fast] Erreur 2


Source file was:
#include <pthread.h>

static void* test_func(void* data)
{
  return data;
}

int main(void)
{
  pthread_t thread;
  pthread_create(&thread, NULL, test_func, NULL);
  pthread_detach(thread);
  pthread_cancel(thread);
  pthread_join(thread, NULL);
  pthread_atfork(NULL, NULL, NULL);
  pthread_exit(NULL);

  return 0;
}

